Performing C++ SOURCE FILE Test COMPILER_HAS_DEPRECATED_ATTR failed with the following output:
Change Dir: D:/MITK-AW-SP/AwesomeProject-build/CMakeFiles/CMakeTmp

Run Build Command:"C:/Program Files (x86)/MSBuild/12.0/bin/MSBuild.exe" "cmTC_b53a2.vcxproj" "/p:Configuration=Debug" "/p:VisualStudioVersion=12.0"
Microsoft (R) Build Engine version 12.0.21005.1
[Microsoft .NET Framework, version 4.0.30319.42000]
Copyright (C) Microsoft Corporation. All rights reserved.

Build started 10/23/2016 2:42:01 PM.
Project "D:\MITK-AW-SP\AwesomeProject-build\CMakeFiles\CMakeTmp\cmTC_b53a2.vcxproj" on node 1 (default targets).
PrepareForBuild:
  Creating directory "cmTC_b53a2.dir\Debug\".
  Creating directory "D:\MITK-AW-SP\AwesomeProject-build\CMakeFiles\CMakeTmp\Debug\".
  Creating directory "cmTC_b53a2.dir\Debug\cmTC_b53a2.tlog\".
InitializeBuildStatus:
  Creating "cmTC_b53a2.dir\Debug\cmTC_b53a2.tlog\unsuccessfulbuild" because "AlwaysCreate" was specified.
ClCompile:
  C:\Program Files (x86)\Microsoft Visual Studio 12.0\VC\bin\x86_amd64\CL.exe /c /Zi /W3 /WX- /Od /Ob0 /D WIN32 /D _WINDOWS /D _WIN32_WINNT=0x0501 /D POCO_NO_UNWINDOWS /D WIN32_LEAN_AND_MEAN /D NOMINMAX /D COMPILER_HAS_DEPRECATED_ATTR /D _DEBUG /D "CMAKE_INTDIR=\"Debug\"" /D _MBCS /Gm- /EHsc /RTC1 /MDd /GS /fp:precise /Zc:wchar_t /Zc:forScope /GR /openmp /Fo"cmTC_b53a2.dir\Debug\\" /Fd"cmTC_b53a2.dir\Debug\vc120.pdb" /Gd /TP /wd4005 /wd4231 /wd4316 /errorReport:queue "D:\MITK-AW-SP\AwesomeProject-build\CMakeFiles\CMakeTmp\src.cxx"
  Microsoft (R) C/C++ Optimizing Compiler Version 18.00.21005.1 for x64
  Copyright (C) Microsoft Corporation.  All rights reserved.
  
  cl /c /Zi /W3 /WX- /Od /Ob0 /D WIN32 /D _WINDOWS /D _WIN32_WINNT=0x0501 /D POCO_NO_UNWINDOWS /D WIN32_LEAN_AND_MEAN /D NOMINMAX /D COMPILER_HAS_DEPRECATED_ATTR /D _DEBUG /D "CMAKE_INTDIR=\"Debug\"" /D _MBCS /Gm- /EHsc /RTC1 /MDd /GS /fp:precise /Zc:wchar_t /Zc:forScope /GR /openmp /Fo"cmTC_b53a2.dir\Debug\\" /Fd"cmTC_b53a2.dir\Debug\vc120.pdb" /Gd /TP /wd4005 /wd4231 /wd4316 /errorReport:queue "D:\MITK-AW-SP\AwesomeProject-build\CMakeFiles\CMakeTmp\src.cxx"
  
  src.cxx
D:\MITK-AW-SP\AwesomeProject-build\CMakeFiles\CMakeTmp\src.cxx(1): error C2065: '__deprecated__' : undeclared identifier [D:\MITK-AW-SP\AwesomeProject-build\CMakeFiles\CMakeTmp\cmTC_b53a2.vcxproj]
D:\MITK-AW-SP\AwesomeProject-build\CMakeFiles\CMakeTmp\src.cxx(1): error C2448: '__attribute__' : function-style initializer appears to be a function definition [D:\MITK-AW-SP\AwesomeProject-build\CMakeFiles\CMakeTmp\cmTC_b53a2.vcxproj]
Done Building Project "D:\MITK-AW-SP\AwesomeProject-build\CMakeFiles\CMakeTmp\cmTC_b53a2.vcxproj" (default targets) -- FAILED.

Build FAILED.

"D:\MITK-AW-SP\AwesomeProject-build\CMakeFiles\CMakeTmp\cmTC_b53a2.vcxproj" (default target) (1) ->
(ClCompile target) -> 
  D:\MITK-AW-SP\AwesomeProject-build\CMakeFiles\CMakeTmp\src.cxx(1): error C2065: '__deprecated__' : undeclared identifier [D:\MITK-AW-SP\AwesomeProject-build\CMakeFiles\CMakeTmp\cmTC_b53a2.vcxproj]
  D:\MITK-AW-SP\AwesomeProject-build\CMakeFiles\CMakeTmp\src.cxx(1): error C2448: '__attribute__' : function-style initializer appears to be a function definition [D:\MITK-AW-SP\AwesomeProject-build\CMakeFiles\CMakeTmp\cmTC_b53a2.vcxproj]

    0 Warning(s)
    2 Error(s)

Time Elapsed 00:00:00.39

Source file was:
__attribute__((__deprecated__)) int somefunc() { return 0; }
    int main() { return somefunc();}
